main.py --train --cond --batch_method translation --attn --epochs 25

Building data from ./data...
      batch_size: 20
batch_size_valid: 60
    batch_method: translation      (no sorting by target lengths)
          device: cpu
  is_conditional: True

15 batches
5 batches

vocab_size: 1282

train.txt
              # words: 6681
               # seqs: 300
  avg/max/min lengths: 22/72/3

src-train.txt
              # words: 6081
               # seqs: 300
  avg/max/min lengths: 20/70/1

Seq2Seq
      # parameters: 522682
        vocab_size: 1282
               dim: 100
          # layers: 2
    is_conditional: 1
     bidirectional: 0
        use_bridge: 0
     use_attention: 1

Control
            lr: 20.00
          bptt: 35

| epoch   1 |    20/   29 batches | lr 20.00 | ms/batch 116.86 | loss  7.62 | ppl  2037.78
-----------------------------------------------------------------------------------------
| end of epoch   1 | time:  3.96s | valid loss  5.94 | valid ppl   380.12 | valid sqxent   126.35
-----------------------------------------------------------------------------------------
| epoch   2 |    20/   29 batches | lr 20.00 | ms/batch 119.65 | loss  5.90 | ppl   364.17
-----------------------------------------------------------------------------------------
| end of epoch   2 | time:  4.00s | valid loss  5.73 | valid ppl   307.24 | valid sqxent   121.83
-----------------------------------------------------------------------------------------
| epoch   3 |    20/   29 batches | lr 20.00 | ms/batch 130.60 | loss  5.07 | ppl   159.89
-----------------------------------------------------------------------------------------
| end of epoch   3 | time:  4.73s | valid loss  5.69 | valid ppl   295.38 | valid sqxent   120.99
-----------------------------------------------------------------------------------------
| epoch   4 |    20/   29 batches | lr 20.00 | ms/batch 117.78 | loss  4.62 | ppl   101.09
-----------------------------------------------------------------------------------------
| end of epoch   4 | time:  3.97s | valid loss  5.48 | valid ppl   240.42 | valid sqxent   116.61
-----------------------------------------------------------------------------------------
| epoch   5 |    20/   29 batches | lr 20.00 | ms/batch 118.78 | loss  4.57 | ppl    96.85
-----------------------------------------------------------------------------------------
| end of epoch   5 | time:  3.97s | valid loss  5.45 | valid ppl   232.43 | valid sqxent   115.89
-----------------------------------------------------------------------------------------
| epoch   6 |    20/   29 batches | lr 20.00 | ms/batch 143.28 | loss  4.33 | ppl    75.82
-----------------------------------------------------------------------------------------
| end of epoch   6 | time:  5.06s | valid loss  5.36 | valid ppl   213.30 | valid sqxent   114.06
-----------------------------------------------------------------------------------------
| epoch   7 |    20/   29 batches | lr 20.00 | ms/batch 118.10 | loss  4.15 | ppl    63.75
-----------------------------------------------------------------------------------------
| end of epoch   7 | time:  3.97s | valid loss  5.31 | valid ppl   203.00 | valid sqxent   113.01
-----------------------------------------------------------------------------------------
| epoch   8 |    20/   29 batches | lr 20.00 | ms/batch 118.35 | loss  4.10 | ppl    60.55
-----------------------------------------------------------------------------------------
| end of epoch   8 | time:  3.96s | valid loss  5.19 | valid ppl   180.01 | valid sqxent   110.46
-----------------------------------------------------------------------------------------
| epoch   9 |    20/   29 batches | lr 20.00 | ms/batch 117.70 | loss  4.15 | ppl    63.66
-----------------------------------------------------------------------------------------
| end of epoch   9 | time:  4.16s | valid loss  5.11 | valid ppl   166.15 | valid sqxent   108.75
-----------------------------------------------------------------------------------------
| epoch  10 |    20/   29 batches | lr 20.00 | ms/batch 114.07 | loss  3.95 | ppl    51.72
-----------------------------------------------------------------------------------------
| end of epoch  10 | time:  3.87s | valid loss  5.07 | valid ppl   159.12 | valid sqxent   107.83
-----------------------------------------------------------------------------------------
| epoch  11 |    20/   29 batches | lr 20.00 | ms/batch 115.32 | loss  3.89 | ppl    48.72
-----------------------------------------------------------------------------------------
| end of epoch  11 | time:  3.90s | valid loss  4.98 | valid ppl   145.78 | valid sqxent   105.97
-----------------------------------------------------------------------------------------
| epoch  12 |    20/   29 batches | lr 20.00 | ms/batch 125.94 | loss  3.77 | ppl    43.53
-----------------------------------------------------------------------------------------
| end of epoch  12 | time:  4.12s | valid loss  4.97 | valid ppl   143.72 | valid sqxent   105.67
-----------------------------------------------------------------------------------------
| epoch  13 |    20/   29 batches | lr 20.00 | ms/batch 114.85 | loss  3.70 | ppl    40.40
-----------------------------------------------------------------------------------------
| end of epoch  13 | time:  3.90s | valid loss  4.91 | valid ppl   135.90 | valid sqxent   104.48
-----------------------------------------------------------------------------------------
| epoch  14 |    20/   29 batches | lr 20.00 | ms/batch 113.73 | loss  3.68 | ppl    39.56
-----------------------------------------------------------------------------------------
| end of epoch  14 | time:  3.88s | valid loss  4.95 | valid ppl   141.73 | valid sqxent   105.37
-----------------------------------------------------------------------------------------
| epoch  15 |    20/   29 batches | lr 5.00 | ms/batch 115.50 | loss  3.41 | ppl    30.33
-----------------------------------------------------------------------------------------
| end of epoch  15 | time:  3.92s | valid loss  4.63 | valid ppl   102.26 | valid sqxent    98.43
-----------------------------------------------------------------------------------------
| epoch  16 |    20/   29 batches | lr 5.00 | ms/batch 114.63 | loss  3.29 | ppl    26.82
-----------------------------------------------------------------------------------------
| end of epoch  16 | time:  3.89s | valid loss  4.58 | valid ppl    97.40 | valid sqxent    97.39
-----------------------------------------------------------------------------------------
| epoch  17 |    20/   29 batches | lr 5.00 | ms/batch 114.40 | loss  3.16 | ppl    23.64
-----------------------------------------------------------------------------------------
| end of epoch  17 | time:  3.91s | valid loss  4.54 | valid ppl    93.53 | valid sqxent    96.53
-----------------------------------------------------------------------------------------
| epoch  18 |    20/   29 batches | lr 5.00 | ms/batch 114.51 | loss  3.08 | ppl    21.73
-----------------------------------------------------------------------------------------
| end of epoch  18 | time:  3.91s | valid loss  4.50 | valid ppl    90.13 | valid sqxent    95.74
-----------------------------------------------------------------------------------------
| epoch  19 |    20/   29 batches | lr 5.00 | ms/batch 114.33 | loss  3.03 | ppl    20.78
-----------------------------------------------------------------------------------------
| end of epoch  19 | time:  3.88s | valid loss  4.47 | valid ppl    87.29 | valid sqxent    95.06
-----------------------------------------------------------------------------------------
| epoch  20 |    20/   29 batches | lr 5.00 | ms/batch 115.42 | loss  3.02 | ppl    20.45
-----------------------------------------------------------------------------------------
| end of epoch  20 | time:  3.91s | valid loss  4.41 | valid ppl    82.62 | valid sqxent    93.89
-----------------------------------------------------------------------------------------
| epoch  21 |    20/   29 batches | lr 5.00 | ms/batch 114.88 | loss  3.02 | ppl    20.45
-----------------------------------------------------------------------------------------
| end of epoch  21 | time:  4.19s | valid loss  4.39 | valid ppl    80.66 | valid sqxent    93.38
-----------------------------------------------------------------------------------------
| epoch  22 |    20/   29 batches | lr 5.00 | ms/batch 165.98 | loss  2.92 | ppl    18.54
-----------------------------------------------------------------------------------------
| end of epoch  22 | time:  7.69s | valid loss  4.34 | valid ppl    76.35 | valid sqxent    92.21
-----------------------------------------------------------------------------------------
| epoch  23 |    20/   29 batches | lr 5.00 | ms/batch 139.28 | loss  2.84 | ppl    17.09
-----------------------------------------------------------------------------------------
| end of epoch  23 | time:  7.03s | valid loss  4.28 | valid ppl    71.95 | valid sqxent    90.95
-----------------------------------------------------------------------------------------
| epoch  24 |    20/   29 batches | lr 5.00 | ms/batch 155.98 | loss  2.85 | ppl    17.25
-----------------------------------------------------------------------------------------
| end of epoch  24 | time:  5.14s | valid loss  4.25 | valid ppl    70.25 | valid sqxent    90.44
-----------------------------------------------------------------------------------------
| epoch  25 |    20/   29 batches | lr 5.00 | ms/batch 155.59 | loss  2.80 | ppl    16.46
-----------------------------------------------------------------------------------------
| end of epoch  25 | time:  4.89s | valid loss  4.21 | valid ppl    67.15 | valid sqxent    89.48
-----------------------------------------------------------------------------------------
=========================================================================================
| End of training | final loss  4.21 | final ppl    67.15 | final sqxent    89.48
=========================================================================================
00:01:51
